Arguments: 
  C:\Program Files (x86)\nodejs\node.exe C:\Program Files (x86)\Yarn\bin\yarn.js install

PATH: 
  C:\Windows\system32;C:\Windows;C:\Windows\System32\Wbem;C:\Windows\System32\WindowsPowerShell\v1.0\;C:\Program Files (x86)\QuickTime\QTSystem\;C:\Program Files\dotnet\;C:\Program Files\Microsoft SQL Server\130\Tools\Binn\;C:\Program Files\Git\cmd;C:\Program Files (x86)\nodejs\;C:\Program Files (x86)\Yarn\bin\;C:\Users\Nadin\AppData\Local\Microsoft\WindowsApps;C:\Program Files\Microsoft VS Code\bin;C:\Users\Nadin\AppData\Roaming\npm;C:\Users\Nadin\AppData\Local\Yarn\bin

Yarn version: 
  1.13.0

Node version: 
  8.11.1

Platform: 
  win32 ia32

Trace: 
  Error: EPERM: operation not permitted, unlink 'C:\Users\Nadin\Desktop\Юра\Mate-hackathon\node_modules\node-sass\vendor\win32-ia32-57\binding.node'

npm manifest: 
  {
    "name": "mate-hackathon",
    "version": "0.1.0",
    "private": true,
    "dependencies": {
      "node-sass": "^4.11.0",
      "normalize.css": "^8.0.1",
      "react": "^16.8.3",
      "react-dom": "^16.8.3",
      "react-router-dom": "^4.3.1",
      "react-scripts": "2.1.5"
    },
    "scripts": {
      "start": "react-scripts start",
      "build": "react-scripts build",
      "test": "react-scripts test",
      "eject": "react-scripts eject"
    },
    "eslintConfig": {
      "extends": "react-app"
    },
    "browserslist": [
      ">0.2%",
      "not dead",
      "not ie <= 11",
      "not op_mini all"
    ],
    "devDependencies": {
      "webpack": "^4.28.3"
    }
  }

yarn manifest: 
  No manifest

Lockfile: 
  No lockfile
